<?xml version="1.0" encoding="UTF-8"?>
<!-- Generated by org.testng.reporters.JUnitReportReporter -->
<testsuite skipped="0" hostname="LAPTOP-M8LMA397" name="testCases.TC2_Post_Employee" tests="4" failures="0" timestamp="2019-11-04T00:19:30 CST" time="0.067" errors="0">
  <testcase name="checkstatuscode" time="0.007" classname="testCases.TC2_Post_Employee"/>
  <testcase name="checkresponsetime" time="0.004" classname="testCases.TC2_Post_Employee"/>
  <testcase name="checkstatusline" time="0.005" classname="testCases.TC2_Post_Employee"/>
  <testcase name="checkstatusbody" time="0.051" classname="testCases.TC2_Post_Employee"/>
</testsuite> <!-- testCases.TC2_Post_Employee -->
